** Message: 07:15:45.670: environement.vala:58: Exporting primary_variable
** Message: 07:15:45.671: environement.vala:59: desktop_environnement XDG_CURRENT_DESKTOP
** Message: 07:15:45.671: environement.vala:150: confir_dirs is null, export : /etc/xdg
** Message: 07:15:45.671: environement.vala:184: Exporting XDG_CONFIG_DIRS
** Message: 07:15:45.671: environement.vala:218: custom_data :
** Message: 07:15:45.671: environement.vala:219: data_dirs :/usr/share/fkms:/usr/local/share:/usr/share/raspi-ui-overrides:/usr/share:/usr/share/gdm:/var/lib/menu-xdg
** Message: 07:15:45.671: environement.vala:220: data_dirs not null, export : /usr/share/fkms:/usr/local/share:/usr/share/raspi-ui-overrides:/usr/share:/usr/share/gdm:/var/lib/menu-xdg
** Message: 07:15:45.671: environement.vala:225: Exporting XDG_DATA_DIRS
** Message: 07:15:45.672: utils.vala:138: Config system location : /etc/xdg/lxsession/LXDE-pi
** Message: 07:15:45.676: utils.vala:144: System system path location : /etc/xdg/lxsession/LXDE-pi/desktop.conf
** Message: 07:15:45.676: utils.vala:148: Final file used : /etc/xdg/lxsession/LXDE-pi/desktop.conf
** Message: 07:15:45.676: utils.vala:39: Config system location : /etc/xdg/lxsession/LXDE-pi
** Message: 07:15:45.676: utils.vala:45: System system path location : /etc/xdg/lxsession/LXDE-pi/desktop.conf

** (lxsession:801): WARNING **: 07:15:45.681: utils.vala:70: No such file or directory
** Message: 07:15:45.681: settings.vala:540: Key file does not have key ?iGtk/ColorScheme? in group ?GTK?
** Message: 07:15:45.681: settings.vala:540: Key file does not have key ?windows_manager/command? in group ?Session?
** Message: 07:15:45.682: settings.vala:540: Key file does not have key ?panel/command? in group ?Session?
** Message: 07:15:45.682: settings.vala:540: Key file does not have key ?dock/command? in group ?Session?
** Message: 07:15:45.682: settings.vala:540: Key file does not have key ?file_manager/command? in group ?Session?
** Message: 07:15:45.682: settings.vala:540: Key file does not have key ?desktop_manager/command? in group ?Session?
** Message: 07:15:45.682: settings.vala:540: Key file does not have key ?launcher_manager/autostart? in group ?Session?
** Message: 07:15:45.682: settings.vala:540: Key file does not have key ?composite_manager/command? in group ?Session?
** Message: 07:15:45.682: settings.vala:540: Key file does not have key ?im1/command? in group ?Session?
** Message: 07:15:45.682: settings.vala:540: Key file does not have key ?im2/command? in group ?Session?
** Message: 07:15:45.682: settings.vala:540: Key file does not have key ?widget1/command? in group ?Session?
** Message: 07:15:45.682: settings.vala:540: Key file does not have key ?notification/command? in group ?Session?
** Message: 07:15:45.682: settings.vala:540: Key file does not have key ?keybindings/command? in group ?Session?
** Message: 07:15:45.683: settings.vala:540: Key file does not have key ?im_manager/command? in group ?Session?
** Message: 07:15:45.683: settings.vala:540: Key file does not have key ?screensaver/command? in group ?Session?
** Message: 07:15:45.683: settings.vala:540: Key file does not have key ?power_manager/command? in group ?Session?
** Message: 07:15:45.683: settings.vala:540: Key file does not have key ?audio_manager/command? in group ?Session?
** Message: 07:15:45.683: settings.vala:540: Key file does not have key ?workspace_manager/command? in group ?Session?
** Message: 07:15:45.683: settings.vala:540: Key file does not have key ?screenshot_manager/command? in group ?Session?
** Message: 07:15:45.683: settings.vala:540: Key file does not have key ?message_manager/command? in group ?Session?
** Message: 07:15:45.683: settings.vala:540: Key file does not have key ?upgrade_manager/command? in group ?Session?
** Message: 07:15:45.683: settings.vala:540: Key file does not have key ?updates_manager/command? in group ?Session?
** Message: 07:15:45.684: settings.vala:540: Key file does not have key ?updates_manager/timeout? in group ?Session?
** Message: 07:15:45.684: settings.vala:540: Key file does not have key ?crash_manager/command? in group ?Session?
** Message: 07:15:45.684: settings.vala:540: Key file does not have key ?crash_manager/dev_mode? in group ?Session?
** Message: 07:15:45.684: settings.vala:540: Key file does not have key ?crash_manager/timeout? in group ?Session?
** Message: 07:15:45.684: settings.vala:540: Key file does not have key ?upstart_user_session? in group ?Session?
** Message: 07:15:45.684: settings.vala:540: Key file does not have key ?proxy_manager/http? in group ?Session?
** Message: 07:15:45.684: settings.vala:540: Key file does not have key ?a11y/command? in group ?Session?
** Message: 07:15:45.684: settings.vala:540: Key file does not have key ?xrandr/command? in group ?Session?
** Message: 07:15:45.684: settings.vala:540: Key file does not have key ?network_gui/command? in group ?Session?
** Message: 07:15:45.685: settings.vala:540: Key file does not have key ?webbrowser/command? in group ?Session?
** Message: 07:15:45.685: settings.vala:540: Key file does not have key ?email/command? in group ?Session?
** Message: 07:15:45.685: settings.vala:540: Key file does not have key ?pdf_reader/command? in group ?Session?
** Message: 07:15:45.685: settings.vala:540: Key file does not have key ?video_player/command? in group ?Session?
** Message: 07:15:45.685: settings.vala:540: Key file does not have key ?audio_player/command? in group ?Session?
** Message: 07:15:45.685: settings.vala:540: Key file does not have key ?images_display/command? in group ?Session?
** Message: 07:15:45.685: settings.vala:540: Key file does not have key ?text_editor/command? in group ?Session?
** Message: 07:15:45.685: settings.vala:540: Key file does not have key ?archive/command? in group ?Session?
** Message: 07:15:45.685: settings.vala:540: Key file does not have key ?charmap/command? in group ?Session?
** Message: 07:15:45.685: settings.vala:540: Key file does not have key ?calculator/command? in group ?Session?
** Message: 07:15:45.686: settings.vala:540: Key file does not have key ?spreadsheet/command? in group ?Session?
** Message: 07:15:45.686: settings.vala:540: Key file does not have key ?bittorent/command? in group ?Session?
** Message: 07:15:45.686: settings.vala:540: Key file does not have key ?document/command? in group ?Session?
** Message: 07:15:45.686: settings.vala:540: Key file does not have key ?webcam/command? in group ?Session?
** Message: 07:15:45.686: settings.vala:540: Key file does not have key ?burn/command? in group ?Session?
** Message: 07:15:45.686: settings.vala:540: Key file does not have key ?notes/command? in group ?Session?
** Message: 07:15:45.686: settings.vala:540: Key file does not have key ?disk_utility/command? in group ?Session?
** Message: 07:15:45.686: settings.vala:540: Key file does not have key ?tasks/command? in group ?Session?
** Message: 07:15:45.686: settings.vala:540: Key file does not have group ?Keymap?
** Message: 07:15:45.686: settings.vala:540: Key file does not have key ?laptop_mode? in group ?State?
** Message: 07:15:45.687: settings.vala:540: Key file does not have key ?gnome? in group ?Dbus?
** Message: 07:15:45.687: settings.vala:540: Key file does not have key ?type? in group ?Environment?
** Message: 07:15:45.687: settings.vala:540: Key file does not have key ?ubuntu_menuproxy? in group ?Environment?
** Message: 07:15:45.687: settings.vala:540: Key file does not have key ?toolkit_integration? in group ?Environment?
** Message: 07:15:45.687: settings.vala:540: Key file does not have key ?gtk/overlay_scrollbar_disable? in group ?Environment?
** Message: 07:15:45.687: settings.vala:540: Key file does not have key ?qt/force_theme? in group ?Environment?
** Message: 07:15:45.687: settings.vala:540: Key file does not have key ?qt/platform? in group ?Environment?
** Message: 07:15:45.688: settings.vala:462: Monitoring: /etc/xdg/lxsession/LXDE-pi/desktop.conf
** Message: 07:15:45.688: settings.vala:470: Desktop file is not in config home, monitoring creation of it
** Message: 07:15:45.688: settings.vala:485: Monitoring home path: /home/pi/.config/lxsession/LXDE-pi/desktop.conf
** Message: 07:15:45.688: environement.vala:79: Exporting variable
** Message: 07:15:45.688: environement.vala:80: desktop_environnement XDG_CURRENT_DESKTOP
** Message: 07:15:45.688: environement.vala:177: custom_config :
** Message: 07:15:45.689: environement.vala:178: config_dirs :/etc/xdg
** Message: 07:15:45.689: environement.vala:179: confir_dirs not null, export : /etc/xdg
** Message: 07:15:45.689: environement.vala:184: Exporting XDG_CONFIG_DIRS
** Message: 07:15:45.689: environement.vala:218: custom_data :
** Message: 07:15:45.689: environement.vala:219: data_dirs :/usr/share/fkms:/usr/local/share:/usr/share/raspi-ui-overrides:/usr/share:/usr/share/gdm:/var/lib/menu-xdg
** Message: 07:15:45.689: environement.vala:220: data_dirs not null, export : /usr/share/fkms:/usr/local/share:/usr/share/raspi-ui-overrides:/usr/share:/usr/share/gdm:/var/lib/menu-xdg
** Message: 07:15:45.689: environement.vala:225: Exporting XDG_DATA_DIRS
** Message: 07:15:45.689: utils.vala:39: Config system location : /etc/xdg/lxsession/LXDE-pi
** Message: 07:15:45.689: utils.vala:45: System system path location : /etc/xdg/lxsession/LXDE-pi/desktop.conf

** (lxsession:801): WARNING **: 07:15:45.689: utils.vala:70: No such file or directory
** Message: 07:15:45.690: environement.vala:254: No entry in [Environment_variable]. Key file does not have group ?Environment_variable?
** Message: 07:15:45.700: utils.vala:138: Config system location : /etc/xdg/lxsession/LXDE-pi
** Message: 07:15:45.701: utils.vala:144: System system path location : /etc/xdg/lxsession/LXDE-pi/conffiles.conf
** Message: 07:15:45.701: utils.vala:148: Final file used : /etc/xdg/lxsession/LXDE-pi/conffiles.conf
** Message: 07:15:45.701: options.vala:164: Activate xsettings_manager build-in
** Message: 07:15:45.701: utils.vala:39: Config system location : /etc/xdg/lxsession/LXDE-pi
** Message: 07:15:45.701: utils.vala:45: System system path location : /etc/xdg/lxsession/LXDE-pi/desktop.conf

** (lxsession:801): WARNING **: 07:15:45.702: utils.vala:70: No such file or directory
xprop:  no such property "_NET_NUMBER_OF_DESKTOPS"
xprop:  no such property "_NET_DESKTOP_NAMES"
** Message: 07:15:45.761: app.vala:721: polkit separate
** Message: 07:15:45.761: app.vala:721: polkit separate
** Message: 07:15:45.773: app.vala:76: Launching lxpolkit 
** Message: 07:15:45.774: utils.vala:138: Config system location : /etc/xdg/lxsession/LXDE-pi
** Message: 07:15:45.774: utils.vala:144: System system path location : /etc/xdg/lxsession/LXDE-pi/autostart
** Message: 07:15:45.774: utils.vala:148: Final file used : /etc/xdg/lxsession/LXDE-pi/autostart
** Message: 07:15:45.774: autostart.vala:42: Autostart path : /etc/xdg/lxsession/LXDE-pi/autostart
** Message: 07:15:45.796: app.vala:76: Launching lxpanel 
** Message: 07:15:45.813: app.vala:76: Launching pcmanfm 

(process:967): Gtk-WARNING **: 07:15:45.829: Locale not supported by C library.
	Using the fallback 'C' locale.

** (lxsession:801): WARNING **: 07:15:45.833: app.vala:86: Failed to execute child process ?xscreensaver? (No such file or directory)

** (lxsession:801): WARNING **: 07:15:45.833: app.vala:87: Error when launching xscreensaver
** Message: 07:15:45.845: options.vala:107: Create build-in Clipboard
** Message: 07:15:45.847: main.vala:441: Check keymap_mode (null)
** Message: 07:15:45.857: app.vala:76: Launching /usr/bin/ssh-agent 
SSH_AUTH_SOCK=/tmp/ssh-dMWgwQl3Ykvz/agent.975; export SSH_AUTH_SOCK;
SSH_AGENT_PID=977; export SSH_AGENT_PID;
echo Agent pid 977;

(process:970): Gtk-WARNING **: 07:15:45.907: Locale not supported by C library.
	Using the fallback 'C' locale.
Openbox-Message: Couldn't set messages locale category from environment.
Openbox-Message: Couldn't set locale from environment.

(process:968): Gtk-WARNING **: 07:15:45.911: Locale not supported by C library.
	Using the fallback 'C' locale.
sh: 1: Syntax error: "(" unexpected
** Message: 07:15:46.049: app.vala:130: /usr/bin/ssh-agent exit with this type of exit: 0
** Message: 07:15:46.239: x-terminal-emulator has very limited support, consider choose another terminal
** Message: 07:15:46.239: x-terminal-emulator has very limited support, consider choose another terminal
Openbox-Message: Unable to find a valid menu file "/usr/share/lxde/openbox/menu.xml"
** Message: 07:15:47.939: cputemp: Added sensor /sys/class/thermal/thermal_zone0/
** Message: 07:15:47.939: cputemp: Found 1 sensors
** Message: 07:15:48.081: Connecting ...
** Message: 07:15:48.081: Status changed to down
Unit pt-device-manager.service could not be found.

** (lxpanel:968): WARNING **: 07:15:48.464: Battery 0 not found
** Message: 07:15:49.082: Status changed to opened
** Message: 07:15:49.083: Connected to dhcpcd-8.1.2
** Message: 07:15:49.084: Status changed to disconnected
** Message: 07:15:49.084: eth0: Link is down
** Message: 07:15:49.084: wlan0: Not associated
** Message: 07:15:55.156: wlan0: Associated with No-Wires
** Message: 07:15:55.157: Status changed to connecting
** Message: 07:15:56.136: wlan0: Configured 10.0.0.205/24
** Message: 07:15:56.137: Status changed to connected
** Message: 07:16:24.178: wlan0: Configured 2601:1c0:8200:fc50::49d/128
/bin/bash: warning: setlocale: LC_ALL: cannot change locale (en_US.UTF-8)
BlueALSA detected - Disabling audio sandbox
[2174:2174:0213/071759.260061:ERROR:gpu_init.cc(441)] Passthrough is not supported, GL is egl
[2087:2087:0213/071759.375511:ERROR:component_loader.cc(186)] Failed to parse extension manifest.
[2087:2331:0213/071800.537892:ERROR:object_proxy.cc(622)] Failed to call method: org.freedesktop.DBus.Properties.Get: object_path= /org/freedesktop/UPower: org.freedesktop.DBus.Error.ServiceUnknown: The name org.freedesktop.UPower was not provided by any .service files
[2087:2331:0213/071800.544371:ERROR:object_proxy.cc(622)] Failed to call method: org.freedesktop.UPower.GetDisplayDevice: object_path= /org/freedesktop/UPower: org.freedesktop.DBus.Error.ServiceUnknown: The name org.freedesktop.UPower was not provided by any .service files
[2087:2331:0213/071800.550772:ERROR:object_proxy.cc(622)] Failed to call method: org.freedesktop.UPower.EnumerateDevices: object_path= /org/freedesktop/UPower: org.freedesktop.DBus.Error.ServiceUnknown: The name org.freedesktop.UPower was not provided by any .service files
[2174:2174:0213/071800.883089:ERROR:gl_surface_presentation_helper.cc(260)] GetVSyncParametersIfAvailable() failed for 1 times!
[2174:2174:0213/071800.889200:ERROR:gl_surface_presentation_helper.cc(260)] GetVSyncParametersIfAvailable() failed for 2 times!
[2174:2174:0213/071830.290780:ERROR:sync_control_vsync_provider.cc(140)] Calculated bogus refresh interval=0.29166 s, last_timebase_=163921635 bogo-microseconds, timebase=164504955 bogo-microseconds, last_media_stream_counter_=808, media_stream_counter=810
[2174:2174:0213/071856.998017:ERROR:gl_surface_presentation_helper.cc(260)] GetVSyncParametersIfAvailable() failed for 3 times!

(process:3224): Gtk-WARNING **: 07:19:52.034: Locale not supported by C library.
	Using the fallback 'C' locale.

(process:3255): Gtk-WARNING **: 07:19:55.158: Locale not supported by C library.
	Using the fallback 'C' locale.
/bin/bash: warning: setlocale: LC_ALL: cannot change locale (en_US.UTF-8)
BlueALSA detected - Disabling audio sandbox
Opening in existing browser session.
